<?xml version="1.0" encoding="UTF-8"?>
<testsuite xmlns:xsi="http://www.w3.org/2001/XMLSchema-instance" xsi:noNamespaceSchemaLocation="https://maven.apache.org/surefire/maven-surefire-plugin/xsd/surefire-test-report.xsd" name="TestSuite" time="179.958" tests="5" errors="0" skipped="1" failures="2">
  <properties>
[...]
</properties>
  <testcase name="loginTest" classname="com.w2a.zoho.testcases.LoginTest" time="0">
    <skipped message="Skipping the test : LoginTest as the Run mode to Data set is NO"/>
    <system-out><![CDATA[INFO    2020-06-16 10:31:40,608 [main] com.w2a.zoho.PageObjects.BasePage  - Configuration file loaded !!!!
validateCRMTest
loginTest
Total rows are : 9
Total rows are : 9
Test case starts from row num: 1
Test case starts from row num: 7
Total rows of data are : 3
Total rows of data are : 1
Total cols are : 2
Total cols are : 5
INFO    2020-06-16 10:31:41,955 [TestNG-PoolService-1] com.w2a.zoho.PageObjects.BasePage  - Inside Login Test
INFO    2020-06-16 10:31:41,955 [TestNG-PoolService-0] com.w2a.zoho.PageObjects.BasePage  - Inside Login Test
chrome browser initiated - Remote WebDriver 
firefox browser initiated - Remote WebDriver 
]]></system-out>
  </testcase>
  <testcase name="loginTest" classname="com.w2a.zoho.testcases.LoginTest" time="29.471"/>
  <testcase name="loginTest" classname="com.w2a.zoho.testcases.LoginTest" time="174.356">
    <failure message="Failed to convert data to an object&#10;Build info: version: &apos;3.141.59&apos;, revision: &apos;e82be7d358&apos;, time: &apos;2018-11-14T08:17:03&apos;&#10;System info: host: &apos;DESKTOP-78R7TOL&apos;, ip: &apos;192.168.99.1&apos;, os.name: &apos;Windows 10&apos;, os.arch: &apos;amd64&apos;, os.version: &apos;10.0&apos;, java.version: &apos;11.0.4&apos;&#10;Driver info: org.openqa.selenium.remote.RemoteWebDriver&#10;Capabilities {acceptInsecureCerts: true, browserName: firefox, browserVersion: 78.0, javascriptEnabled: true, moz:accessibilityChecks: false, moz:buildID: 20200612174529, moz:geckodriverVersion: 0.26.0, moz:headless: false, moz:processID: 12452, moz:profile: C:\Users\Noman Siddiqui\App..., moz:shutdownTimeout: 60000, moz:useNonSpecCompliantPointerOrigin: false, moz:webdriverClick: true, pageLoadStrategy: normal, platform: WINDOWS, platformName: WINDOWS, platformVersion: 10.0, rotatable: false, setWindowRect: true, strictFileInteractability: false, timeouts: {implicit: 0, pageLoad: 300000, script: 30000}, unhandledPromptBehavior: dismiss and notify, webdriver.remote.sessionid: c07c4f06-5678-40c8-8389-361...}&#10;Session ID: c07c4f06-5678-40c8-8389-36151a391b39&#10;*** Element info: {Using=css selector, value=#showCompanyInfoBtn}" type="org.openqa.selenium.WebDriverException">org.openqa.selenium.WebDriverException: 
Failed to convert data to an object
Build info: version: '3.141.59', revision: 'e82be7d358', time: '2018-11-14T08:17:03'
System info: host: 'DESKTOP-78R7TOL', ip: '192.168.99.1', os.name: 'Windows 10', os.arch: 'amd64', os.version: '10.0', java.version: '11.0.4'
Driver info: org.openqa.selenium.remote.RemoteWebDriver
Capabilities {acceptInsecureCerts: true, browserName: firefox, browserVersion: 78.0, javascriptEnabled: true, moz:accessibilityChecks: false, moz:buildID: 20200612174529, moz:geckodriverVersion: 0.26.0, moz:headless: false, moz:processID: 12452, moz:profile: C:\Users\Noman Siddiqui\App..., moz:shutdownTimeout: 60000, moz:useNonSpecCompliantPointerOrigin: false, moz:webdriverClick: true, pageLoadStrategy: normal, platform: WINDOWS, platformName: WINDOWS, platformVersion: 10.0, rotatable: false, setWindowRect: true, strictFileInteractability: false, timeouts: {implicit: 0, pageLoad: 300000, script: 30000}, unhandledPromptBehavior: dismiss and notify, webdriver.remote.sessionid: c07c4f06-5678-40c8-8389-361...}
Session ID: c07c4f06-5678-40c8-8389-36151a391b39
*** Element info: {Using=css selector, value=#showCompanyInfoBtn}
	at com.w2a.zoho.testcases.LoginTest.loginTest(LoginTest.java:22)
</failure>
    <system-out><![CDATA[INFO    2020-06-16 10:32:11,405 [TestNG-PoolService-0] com.w2a.zoho.PageObjects.BasePage  - Text Execution Completed !!!
Clicking on the app icon: crm
]]></system-out>
  </testcase>
  <testcase name="loginTest" classname="com.w2a.zoho.testcases.LoginTest" time="175.843">
    <failure message="java.util.concurrent.ExecutionException: org.openqa.selenium.WebDriverException: Failed to decode response from marionette&#10;Build info: version: &apos;3.141.59&apos;, revision: &apos;e82be7d358&apos;, time: &apos;2018-11-14T08:17:03&apos;&#10;System info: host: &apos;DESKTOP-78R7TOL&apos;, ip: &apos;192.168.99.1&apos;, os.name: &apos;Windows 10&apos;, os.arch: &apos;amd64&apos;, os.version: &apos;10.0&apos;, java.version: &apos;11.0.4&apos;&#10;Driver info: org.openqa.selenium.remote.RemoteWebDriver&#10;Capabilities {acceptInsecureCerts: true, browserName: firefox, browserVersion: 78.0, javascriptEnabled: true, moz:accessibilityChecks: false, moz:buildID: 20200612174529, moz:geckodriverVersion: 0.26.0, moz:headless: false, moz:processID: 12452, moz:profile: C:\Users\Noman Siddiqui\App..., moz:shutdownTimeout: 60000, moz:useNonSpecCompliantPointerOrigin: false, moz:webdriverClick: true, pageLoadStrategy: normal, platform: WINDOWS, platformName: WINDOWS, platformVersion: 10.0, rotatable: false, setWindowRect: true, strictFileInteractability: false, timeouts: {implicit: 0, pageLoad: 300000, script: 30000}, unhandledPromptBehavior: dismiss and notify, webdriver.remote.sessionid: c07c4f06-5678-40c8-8389-361...}&#10;Session ID: c07c4f06-5678-40c8-8389-36151a391b39" type="org.testng.TestNGException">org.testng.TestNGException: 
java.util.concurrent.ExecutionException: org.openqa.selenium.WebDriverException: Failed to decode response from marionette
Build info: version: '3.141.59', revision: 'e82be7d358', time: '2018-11-14T08:17:03'
System info: host: 'DESKTOP-78R7TOL', ip: '192.168.99.1', os.name: 'Windows 10', os.arch: 'amd64', os.version: '10.0', java.version: '11.0.4'
Driver info: org.openqa.selenium.remote.RemoteWebDriver
Capabilities {acceptInsecureCerts: true, browserName: firefox, browserVersion: 78.0, javascriptEnabled: true, moz:accessibilityChecks: false, moz:buildID: 20200612174529, moz:geckodriverVersion: 0.26.0, moz:headless: false, moz:processID: 12452, moz:profile: C:\Users\Noman Siddiqui\App..., moz:shutdownTimeout: 60000, moz:useNonSpecCompliantPointerOrigin: false, moz:webdriverClick: true, pageLoadStrategy: normal, platform: WINDOWS, platformName: WINDOWS, platformVersion: 10.0, rotatable: false, setWindowRect: true, strictFileInteractability: false, timeouts: {implicit: 0, pageLoad: 300000, script: 30000}, unhandledPromptBehavior: dismiss and notify, webdriver.remote.sessionid: c07c4f06-5678-40c8-8389-361...}
Session ID: c07c4f06-5678-40c8-8389-36151a391b39
Caused by: java.util.concurrent.ExecutionException: 
org.openqa.selenium.WebDriverException: Failed to decode response from marionette
Build info: version: '3.141.59', revision: 'e82be7d358', time: '2018-11-14T08:17:03'
System info: host: 'DESKTOP-78R7TOL', ip: '192.168.99.1', os.name: 'Windows 10', os.arch: 'amd64', os.version: '10.0', java.version: '11.0.4'
Driver info: org.openqa.selenium.remote.RemoteWebDriver
Capabilities {acceptInsecureCerts: true, browserName: firefox, browserVersion: 78.0, javascriptEnabled: true, moz:accessibilityChecks: false, moz:buildID: 20200612174529, moz:geckodriverVersion: 0.26.0, moz:headless: false, moz:processID: 12452, moz:profile: C:\Users\Noman Siddiqui\App..., moz:shutdownTimeout: 60000, moz:useNonSpecCompliantPointerOrigin: false, moz:webdriverClick: true, pageLoadStrategy: normal, platform: WINDOWS, platformName: WINDOWS, platformVersion: 10.0, rotatable: false, setWindowRect: true, strictFileInteractability: false, timeouts: {implicit: 0, pageLoad: 300000, script: 30000}, unhandledPromptBehavior: dismiss and notify, webdriver.remote.sessionid: c07c4f06-5678-40c8-8389-361...}
Session ID: c07c4f06-5678-40c8-8389-36151a391b39
Caused by: org.openqa.selenium.WebDriverException: 
Failed to decode response from marionette
Build info: version: '3.141.59', revision: 'e82be7d358', time: '2018-11-14T08:17:03'
System info: host: 'DESKTOP-78R7TOL', ip: '192.168.99.1', os.name: 'Windows 10', os.arch: 'amd64', os.version: '10.0', java.version: '11.0.4'
Driver info: org.openqa.selenium.remote.RemoteWebDriver
Capabilities {acceptInsecureCerts: true, browserName: firefox, browserVersion: 78.0, javascriptEnabled: true, moz:accessibilityChecks: false, moz:buildID: 20200612174529, moz:geckodriverVersion: 0.26.0, moz:headless: false, moz:processID: 12452, moz:profile: C:\Users\Noman Siddiqui\App..., moz:shutdownTimeout: 60000, moz:useNonSpecCompliantPointerOrigin: false, moz:webdriverClick: true, pageLoadStrategy: normal, platform: WINDOWS, platformName: WINDOWS, platformVersion: 10.0, rotatable: false, setWindowRect: true, strictFileInteractability: false, timeouts: {implicit: 0, pageLoad: 300000, script: 30000}, unhandledPromptBehavior: dismiss and notify, webdriver.remote.sessionid: c07c4f06-5678-40c8-8389-361...}
Session ID: c07c4f06-5678-40c8-8389-36151a391b39
</failure>
  </testcase>
  <testcase name="validateCRMTest" classname="com.w2a.zoho.testcases.ValidateCRMTest" time="17.697"/>
</testsuite>