<?xml version="1.0" encoding="UTF-8"?>
<testng-results ignored="0" total="1" passed="1" failed="0" skipped="0">
  <reporter-output>
  </reporter-output>
  <suite started-at="2020-06-16T14:31:40Z" name="master" finished-at="2020-06-16T14:31:59Z" duration-ms="18959">
    <groups>
    </groups>
    <test started-at="2020-06-16T14:31:40Z" name="Validate CRM Test" finished-at="2020-06-16T14:31:59Z" duration-ms="18959">
      <class name="com.w2a.zoho.testcases.ValidateCRMTest">
        <test-method is-config="true" signature="setupFramework()[pri:0, instance:com.w2a.zoho.testcases.ValidateCRMTest@5db6b9cd]" started-at="2020-06-16T14:31:40Z" name="setupFramework" finished-at="2020-06-16T14:31:40Z" duration-ms="130" status="PASS">
          <reporter-output>
          </reporter-output>
        </test-method> <!-- setupFramework -->
        <test-method signature="validateCRMTest(java.util.Hashtable)[pri:0, instance:com.w2a.zoho.testcases.ValidateCRMTest@5db6b9cd]" started-at="2020-06-16T14:31:41Z" name="validateCRMTest" data-provider="masterDP" finished-at="2020-06-16T14:31:59Z" duration-ms="17702" status="PASS">
          <params>
            <param index="0">
              <value>
                <![CDATA[{browser=chrome, Runmode=Y}]]>
              </value>
            </param>
          </params>
          <reporter-output>
          </reporter-output>
        </test-method> <!-- validateCRMTest -->
        <test-method is-config="true" signature="tearDown()[pri:0, instance:com.w2a.zoho.testcases.ValidateCRMTest@5db6b9cd]" started-at="2020-06-16T14:31:59Z" name="tearDown" finished-at="2020-06-16T14:31:59Z" duration-ms="44" status="PASS">
          <reporter-output>
          </reporter-output>
        </test-method> <!-- tearDown -->
      </class> <!-- com.w2a.zoho.testcases.ValidateCRMTest -->
    </test> <!-- Validate CRM Test -->
  </suite> <!-- master -->
</testng-results>
